2025-04-08 18:07:35.236384 - Received CBT.V508.FILE048.PDS from FILE048.XMI 
2025-04-08 18:07:35.238651 - Found $$$#DATE.txt (text/plain) in CBT.V508.FILE048.PDS, moved to PDS/$$$#DATE
2025-04-08 18:07:35.239318 - Found @FILE048.txt (text/plain) in CBT.V508.FILE048.PDS, moved to PDS/@FILE048
2025-04-08 18:07:35.239912 - Found APUT.txt (text/plain) in CBT.V508.FILE048.PDS, moved to PDS/APUT
2025-04-08 18:07:35.240508 - Found EPUTL.txt (text/plain) in CBT.V508.FILE048.PDS, moved to PDS/EPUTL
2025-04-08 18:07:35.241199 - Found LISTSPC.txt (text/plain) in CBT.V508.FILE048.PDS, moved to PDS/LISTSPC
2025-04-08 18:07:35.241864 - Found LISTSPC$.jcl (text/plain) in CBT.V508.FILE048.PDS, moved to PDS/LISTSPC$
2025-04-08 18:07:35.242431 - Found LISTSPC#.txt (text/plain) in CBT.V508.FILE048.PDS, moved to PDS/LISTSPC#
2025-04-08 18:07:35.243010 - Found LISTVOL.txt (text/plain) in CBT.V508.FILE048.PDS, moved to PDS/LISTVOL
2025-04-08 18:07:35.243621 - Found LISTVOL$.jcl (text/plain) in CBT.V508.FILE048.PDS, moved to PDS/LISTVOL$
2025-04-08 18:07:35.244141 - Found LISTVOL#.txt (text/plain) in CBT.V508.FILE048.PDS, moved to PDS/LISTVOL#
2025-04-08 18:07:35.244637 - Found LOADLIB.xmi (application/xmit) in CBT.V508.FILE048.PDS, moved to PDS/LOADLIB.xmi
2025-04-08 18:07:35.255331 - Received SYS1.W$$.LINKLIB from LOADLIB.xmi 
2025-04-08 18:07:35.271163 - Found alias LISTS to LISTSPC in SYS1.W$$.LINKLIB, moved to PDS/LISTS
2025-04-08 18:07:35.271836 - Found LISTSPC.bin (application/octet-stream) in SYS1.W$$.LINKLIB, moved to LOADLIB/LISTSPC
2025-04-08 18:07:35.272127 - Found alias LISTV to LISTVOL in SYS1.W$$.LINKLIB, moved to PDS/LISTV
2025-04-08 18:07:35.272843 - Found LISTVOL.bin (application/octet-stream) in SYS1.W$$.LINKLIB, moved to LOADLIB/LISTVOL
2025-04-08 18:07:35.273154 - Found alias LV to LISTVOL in SYS1.W$$.LINKLIB, moved to PDS/LV
2025-04-08 18:07:35.273416 - Found alias SP to LISTSPC in SYS1.W$$.LINKLIB, moved to PDS/SP
2025-04-08 18:07:35.274418 - Found LOCINDEX.txt (text/plain) in CBT.V508.FILE048.PDS, moved to PDS/LOCINDEX
2025-04-08 18:07:35.275061 - Found TSOB.rexx (text/plain) in CBT.V508.FILE048.PDS, moved to PDS/TSOB
2025-04-08 18:07:35.275698 - Found TSOE.rexx (text/plain) in CBT.V508.FILE048.PDS, moved to PDS/TSOE
2025-04-08 18:07:35.276293 - Found TSOV.rexx (text/plain) in CBT.V508.FILE048.PDS, moved to PDS/TSOV
